2023-05-24 15:41:20,269 [main] INFO  Main - Начало скачек. Количество участников: 7
2023-05-24 15:41:40,688 [main] INFO  Main - Окончание скачек. Победитель : Вишня!
[2023-05-24 16:33:25] [DEBUG] Horse:34 - : Создание Horse, имя Буцефал, скорость 2.4, дистанция 0.0
[2023-05-24 16:33:25] [DEBUG] Horse:34 - : Создание Horse, имя Туз Пик, скорость 2.5, дистанция 0.0
[2023-05-24 16:33:25] [DEBUG] Horse:34 - : Создание Horse, имя Зефир, скорость 2.6, дистанция 0.0
[2023-05-24 16:33:25] [DEBUG] Horse:34 - : Создание Horse, имя Пожар, скорость 2.7, дистанция 0.0
[2023-05-24 16:33:25] [DEBUG] Horse:34 - : Создание Horse, имя Лобстер, скорость 2.8, дистанция 0.0
[2023-05-24 16:33:25] [DEBUG] Horse:34 - : Создание Horse, имя Пегас, скорость 2.9, дистанция 0.0
[2023-05-24 16:33:25] [DEBUG] Horse:34 - : Создание Horse, имя Вишня, скорость 3.0, дистанция 0.0
[2023-05-24 16:33:25] [DEBUG] Hippodrome:26 - : Создание Hippodrome, лошадей 7
[2023-05-24 16:33:25] [INFO ] Main:20 - Начало скачек. Количество участников: 7
[2023-05-24 16:33:46] [INFO ] Main:30 - Окончание скачек. Победитель : Вишня!
[2023-05-24 16:38:23] [DEBUG] Horse:34 - : Создание Horse, имя Буцефал, скорость 2.4, дистанция 0.0
[2023-05-24 16:38:23] [DEBUG] Horse:34 - : Создание Horse, имя Туз Пик, скорость 2.5, дистанция 0.0
[2023-05-24 16:38:23] [DEBUG] Horse:34 - : Создание Horse, имя Зефир, скорость 2.6, дистанция 0.0
[2023-05-24 16:38:23] [DEBUG] Horse:34 - : Создание Horse, имя Пожар, скорость 2.7, дистанция 0.0
[2023-05-24 16:38:23] [DEBUG] Horse:34 - : Создание Horse, имя Лобстер, скорость 2.8, дистанция 0.0
[2023-05-24 16:38:23] [DEBUG] Horse:34 - : Создание Horse, имя Пегас, скорость 2.9, дистанция 0.0
[2023-05-24 16:38:23] [DEBUG] Horse:34 - : Создание Horse, имя Вишня, скорость 3.0, дистанция 0.0
[2023-05-24 16:38:23] [DEBUG] Hippodrome:26 - : Создание Hippodrome, лошадей 7
[2023-05-24 16:38:23] [INFO ] Main:20 - Начало скачек. Количество участников: 7
[2023-05-24 16:38:43] [INFO ] Main:30 - Окончание скачек. Победитель : Лобстер!
[2023-05-24 16:40:52] [DEBUG] Horse:34 - : Создание Horse, имя Буцефал, скорость 2.4, дистанция 0.0
[2023-05-24 16:40:52] [DEBUG] Horse:34 - : Создание Horse, имя Туз Пик, скорость 2.5, дистанция 0.0
[2023-05-24 16:40:52] [DEBUG] Horse:34 - : Создание Horse, имя Зефир, скорость 2.6, дистанция 0.0
[2023-05-24 16:40:52] [DEBUG] Horse:34 - : Создание Horse, имя Пожар, скорость 2.7, дистанция 0.0
[2023-05-24 16:40:52] [DEBUG] Horse:34 - : Создание Horse, имя Лобстер, скорость 2.8, дистанция 0.0
[2023-05-24 16:40:52] [DEBUG] Horse:34 - : Создание Horse, имя Пегас, скорость 2.9, дистанция 0.0
[2023-05-24 16:40:52] [DEBUG] Horse:34 - : Создание Horse, имя Вишня, скорость 3.0, дистанция 0.0
[2023-05-24 16:40:52] [DEBUG] Hippodrome:26 - : Создание Hippodrome, лошадей 7
[2023-05-24 16:40:52] [INFO ] Main:20 - Начало скачек. Количество участников: 7
[2023-05-24 16:41:12] [INFO ] Main:30 - Окончание скачек. Победитель : Вишня!
[2023-05-24 16:42:41] [DEBUG] Horse:34 - : Создание Horse, имя Буцефал, скорость 2.4, дистанция 0.0
[2023-05-24 16:42:41] [DEBUG] Horse:34 - : Создание Horse, имя Туз Пик, скорость 2.5, дистанция 0.0
[2023-05-24 16:42:41] [DEBUG] Horse:34 - : Создание Horse, имя Зефир, скорость 2.6, дистанция 0.0
[2023-05-24 16:42:41] [DEBUG] Horse:34 - : Создание Horse, имя Пожар, скорость 2.7, дистанция 0.0
[2023-05-24 16:42:41] [DEBUG] Horse:34 - : Создание Horse, имя Лобстер, скорость 2.8, дистанция 0.0
[2023-05-24 16:42:41] [DEBUG] Horse:34 - : Создание Horse, имя Пегас, скорость 2.9, дистанция 0.0
[2023-05-24 16:42:41] [DEBUG] Horse:34 - : Создание Horse, имя Вишня, скорость 3.0, дистанция 0.0
[2023-05-24 16:42:41] [DEBUG] Hippodrome:26 - : Создание Hippodrome, лошадей 7
[2023-05-24 16:42:41] [INFO ] Main:20 - Начало скачек. Количество участников: 7
[2023-05-24 16:43:01] [INFO ] Main:30 - Окончание скачек. Победитель : Пегас!
[2023-05-24 16:45:00] [DEBUG] Horse:34 - : Создание Horse, имя Буцефал, скорость 2.4, дистанция 0.0
[2023-05-24 16:45:00] [DEBUG] Horse:34 - : Создание Horse, имя Туз Пик, скорость 2.5, дистанция 0.0
[2023-05-24 16:45:00] [DEBUG] Horse:34 - : Создание Horse, имя Зефир, скорость 2.6, дистанция 0.0
[2023-05-24 16:45:00] [DEBUG] Horse:34 - : Создание Horse, имя Пожар, скорость 2.7, дистанция 0.0
[2023-05-24 16:45:00] [DEBUG] Horse:34 - : Создание Horse, имя Лобстер, скорость 2.8, дистанция 0.0
[2023-05-24 16:45:00] [DEBUG] Horse:34 - : Создание Horse, имя Пегас, скорость 2.9, дистанция 0.0
[2023-05-24 16:45:00] [DEBUG] Horse:34 - : Создание Horse, имя Вишня, скорость 3.0, дистанция 0.0
[2023-05-24 16:45:00] [DEBUG] Hippodrome:26 - : Создание Hippodrome, лошадей 7
[2023-05-24 16:45:00] [INFO ] Main:20 - Начало скачек. Количество участников: 7
[2023-05-24 16:45:20] [INFO ] Main:30 - Окончание скачек. Победитель : Пегас!
[2023-05-24 16:46:37] [DEBUG] Horse:34 - : Создание Horse, имя Буцефал, скорость 2.4, дистанция 0.0
[2023-05-24 16:46:37] [DEBUG] Horse:34 - : Создание Horse, имя Туз Пик, скорость 2.5, дистанция 0.0
[2023-05-24 16:46:37] [DEBUG] Horse:34 - : Создание Horse, имя Зефир, скорость 2.6, дистанция 0.0
[2023-05-24 16:46:37] [DEBUG] Horse:34 - : Создание Horse, имя Пожар, скорость 2.7, дистанция 0.0
[2023-05-24 16:46:37] [DEBUG] Horse:34 - : Создание Horse, имя Лобстер, скорость 2.8, дистанция 0.0
[2023-05-24 16:46:37] [DEBUG] Horse:34 - : Создание Horse, имя Пегас, скорость 2.9, дистанция 0.0
[2023-05-24 16:46:37] [DEBUG] Horse:34 - : Создание Horse, имя Вишня, скорость 3.0, дистанция 0.0
[2023-05-24 16:46:37] [DEBUG] Hippodrome:26 - : Создание Hippodrome, лошадей 7
[2023-05-24 16:46:37] [INFO ] Main:20 - Начало скачек. Количество участников: 7
[2023-05-24 16:46:57] [INFO ] Main:30 - Окончание скачек. Победитель : Пегас!
[2023-05-24 16:50:33] [DEBUG] Horse:34 - : Создание Horse, имя Буцефал, скорость 2.4, дистанция 0.0
[2023-05-24 16:50:33] [DEBUG] Horse:34 - : Создание Horse, имя Туз Пик, скорость 2.5, дистанция 0.0
[2023-05-24 16:50:33] [DEBUG] Horse:34 - : Создание Horse, имя Зефир, скорость 2.6, дистанция 0.0
[2023-05-24 16:50:33] [DEBUG] Horse:34 - : Создание Horse, имя Пожар, скорость 2.7, дистанция 0.0
[2023-05-24 16:50:33] [DEBUG] Horse:34 - : Создание Horse, имя Лобстер, скорость 2.8, дистанция 0.0
[2023-05-24 16:50:33] [DEBUG] Horse:34 - : Создание Horse, имя Пегас, скорость 2.9, дистанция 0.0
[2023-05-24 16:50:33] [DEBUG] Horse:34 - : Создание Horse, имя Вишня, скорость 3.0, дистанция 0.0
[2023-05-24 16:50:33] [DEBUG] Hippodrome:26 - : Создание Hippodrome, лошадей 7
[2023-05-24 16:50:33] [INFO ] Main:20 - Начало скачек. Количество участников: 7
[2023-05-24 16:50:53] [INFO ] Main:30 - Окончание скачек. Победитель : Вишня!
[2023-05-24 16:51:31] [DEBUG] Horse:34 - : Создание Horse, имя Буцефал, скорость 2.4, дистанция 0.0
[2023-05-24 16:51:31] [DEBUG] Horse:34 - : Создание Horse, имя Туз Пик, скорость 2.5, дистанция 0.0
[2023-05-24 16:51:31] [DEBUG] Horse:34 - : Создание Horse, имя Зефир, скорость 2.6, дистанция 0.0
[2023-05-24 16:51:31] [DEBUG] Horse:34 - : Создание Horse, имя Пожар, скорость 2.7, дистанция 0.0
[2023-05-24 16:51:31] [DEBUG] Horse:34 - : Создание Horse, имя Лобстер, скорость 2.8, дистанция 0.0
[2023-05-24 16:51:31] [DEBUG] Horse:34 - : Создание Horse, имя Пегас, скорость 2.9, дистанция 0.0
[2023-05-24 16:51:31] [DEBUG] Horse:34 - : Создание Horse, имя Вишня, скорость 3.0, дистанция 0.0
[2023-05-24 16:51:31] [DEBUG] Hippodrome:26 - : Создание Hippodrome, лошадей 7
[2023-05-24 16:51:31] [INFO ] Main:20 - Начало скачек. Количество участников: 7
[2023-05-24 16:51:52] [INFO ] Main:30 - Окончание скачек. Победитель : Лобстер!
[2023-05-24 16:52:12] [DEBUG] Horse:34 - : Создание Horse, имя Буцефал, скорость 2.4, дистанция 0.0
[2023-05-24 16:52:12] [DEBUG] Horse:34 - : Создание Horse, имя Туз Пик, скорость 2.5, дистанция 0.0
[2023-05-24 16:52:12] [DEBUG] Horse:34 - : Создание Horse, имя Зефир, скорость 2.6, дистанция 0.0
[2023-05-24 16:52:12] [DEBUG] Horse:34 - : Создание Horse, имя Пожар, скорость 2.7, дистанция 0.0
[2023-05-24 16:52:12] [DEBUG] Horse:34 - : Создание Horse, имя Лобстер, скорость 2.8, дистанция 0.0
[2023-05-24 16:52:12] [DEBUG] Horse:34 - : Создание Horse, имя Пегас, скорость 2.9, дистанция 0.0
[2023-05-24 16:52:12] [DEBUG] Horse:34 - : Создание Horse, имя Вишня, скорость 3.0, дистанция 0.0
[2023-05-24 16:52:12] [DEBUG] Hippodrome:26 - : Создание Hippodrome, лошадей 7
[2023-05-24 16:52:12] [INFO ] Main:20 - Начало скачек. Количество участников: 7
[2023-05-24 16:52:32] [INFO ] Main:30 - Окончание скачек. Победитель : Вишня!
[2023-05-24 17:05:50] [DEBUG] Horse:34 - : Создание Horse, имя Horse0, скорость 1.652620965558469, дистанция 0.0
[2023-05-24 17:05:50] [DEBUG] Horse:34 - : Создание Horse, имя Horse1, скорость 1.652620965558469, дистанция 0.0
[2023-05-24 17:05:50] [DEBUG] Horse:34 - : Создание Horse, имя Horse2, скорость 1.652620965558469, дистанция 0.0
[2023-05-24 17:05:50] [DEBUG] Horse:34 - : Создание Horse, имя Horse3, скорость 1.652620965558469, дистанция 0.0
[2023-05-24 17:05:50] [DEBUG] Horse:34 - : Создание Horse, имя Horse4, скорость 1.652620965558469, дистанция 0.0
[2023-05-24 17:05:50] [DEBUG] Horse:34 - : Создание Horse, имя Horse5, скорость 1.652620965558469, дистанция 0.0
[2023-05-24 17:05:50] [DEBUG] Horse:34 - : Создание Horse, имя Horse6, скорость 1.652620965558469, дистанция 0.0
[2023-05-24 17:05:50] [DEBUG] Horse:34 - : Создание Horse, имя Horse7, скорость 1.652620965558469, дистанция 0.0
[2023-05-24 17:05:50] [DEBUG] Horse:34 - : Создание Horse, имя Horse8, скорость 1.652620965558469, дистанция 0.0
[2023-05-24 17:05:50] [DEBUG] Horse:34 - : Создание Horse, имя Horse9, скорость 1.652620965558469, дистанция 0.0
[2023-05-24 17:05:50] [DEBUG] Horse:34 - : Создание Horse, имя Horse10, скорость 1.652620965558469, дистанция 0.0
[2023-05-24 17:05:50] [DEBUG] Horse:34 - : Создание Horse, имя Horse11, скорость 1.652620965558469, дистанция 0.0
[2023-05-24 17:05:50] [DEBUG] Horse:34 - : Создание Horse, имя Horse12, скорость 1.652620965558469, дистанция 0.0
[2023-05-24 17:05:50] [DEBUG] Horse:34 - : Создание Horse, имя Horse13, скорость 1.652620965558469, дистанция 0.0
[2023-05-24 17:05:50] [DEBUG] Horse:34 - : Создание Horse, имя Horse14, скорость 1.652620965558469, дистанция 0.0
[2023-05-24 17:05:50] [DEBUG] Horse:34 - : Создание Horse, имя Horse15, скорость 1.652620965558469, дистанция 0.0
[2023-05-24 17:05:50] [DEBUG] Horse:34 - : Создание Horse, имя Horse16, скорость 1.652620965558469, дистанция 0.0
[2023-05-24 17:05:50] [DEBUG] Horse:34 - : Создание Horse, имя Horse17, скорость 1.652620965558469, дистанция 0.0
[2023-05-24 17:05:50] [DEBUG] Horse:34 - : Создание Horse, имя Horse18, скорость 1.652620965558469, дистанция 0.0
[2023-05-24 17:05:50] [DEBUG] Horse:34 - : Создание Horse, имя Horse19, скорость 1.652620965558469, дистанция 0.0
[2023-05-24 17:05:50] [DEBUG] Horse:34 - : Создание Horse, имя Horse20, скорость 1.652620965558469, дистанция 0.0
[2023-05-24 17:05:50] [DEBUG] Horse:34 - : Создание Horse, имя Horse21, скорость 1.652620965558469, дистанция 0.0
[2023-05-24 17:05:50] [DEBUG] Horse:34 - : Создание Horse, имя Horse22, скорость 1.652620965558469, дистанция 0.0
[2023-05-24 17:05:50] [DEBUG] Horse:34 - : Создание Horse, имя Horse23, скорость 1.652620965558469, дистанция 0.0
[2023-05-24 17:05:50] [DEBUG] Horse:34 - : Создание Horse, имя Horse24, скорость 1.652620965558469, дистанция 0.0
[2023-05-24 17:05:50] [DEBUG] Horse:34 - : Создание Horse, имя Horse25, скорость 1.652620965558469, дистанция 0.0
[2023-05-24 17:05:50] [DEBUG] Horse:34 - : Создание Horse, имя Horse26, скорость 1.652620965558469, дистанция 0.0
[2023-05-24 17:05:50] [DEBUG] Horse:34 - : Создание Horse, имя Horse27, скорость 1.652620965558469, дистанция 0.0
[2023-05-24 17:05:50] [DEBUG] Horse:34 - : Создание Horse, имя Horse28, скорость 1.652620965558469, дистанция 0.0
[2023-05-24 17:05:50] [DEBUG] Horse:34 - : Создание Horse, имя Horse29, скорость 1.652620965558469, дистанция 0.0
[2023-05-24 17:05:50] [DEBUG] Horse:34 - : Создание Horse, имя Horse30, скорость 1.652620965558469, дистанция 0.0
[2023-05-24 17:05:50] [DEBUG] Horse:34 - : Создание Horse, имя Horse31, скорость 1.652620965558469, дистанция 0.0
[2023-05-24 17:05:50] [DEBUG] Horse:34 - : Создание Horse, имя Horse32, скорость 1.652620965558469, дистанция 0.0
[2023-05-24 17:05:50] [DEBUG] Horse:34 - : Создание Horse, имя Horse33, скорость 1.652620965558469, дистанция 0.0
[2023-05-24 17:05:50] [DEBUG] Horse:34 - : Создание Horse, имя Horse34, скорость 1.652620965558469, дистанция 0.0
[2023-05-24 17:05:50] [DEBUG] Horse:34 - : Создание Horse, имя Horse35, скорость 1.652620965558469, дистанция 0.0
[2023-05-24 17:05:50] [DEBUG] Horse:34 - : Создание Horse, имя Horse36, скорость 1.652620965558469, дистанция 0.0
[2023-05-24 17:05:50] [DEBUG] Horse:34 - : Создание Horse, имя Horse37, скорость 1.652620965558469, дистанция 0.0
[2023-05-24 17:05:50] [DEBUG] Horse:34 - : Создание Horse, имя Horse38, скорость 1.652620965558469, дистанция 0.0
[2023-05-24 17:05:50] [DEBUG] Horse:34 - : Создание Horse, имя Horse39, скорость 1.652620965558469, дистанция 0.0
[2023-05-24 17:05:50] [DEBUG] Horse:34 - : Создание Horse, имя Horse40, скорость 1.652620965558469, дистанция 0.0
[2023-05-24 17:05:50] [DEBUG] Horse:34 - : Создание Horse, имя Horse41, скорость 1.652620965558469, дистанция 0.0
[2023-05-24 17:05:50] [DEBUG] Horse:34 - : Создание Horse, имя Horse42, скорость 1.652620965558469, дистанция 0.0
[2023-05-24 17:05:50] [DEBUG] Horse:34 - : Создание Horse, имя Horse43, скорость 1.652620965558469, дистанция 0.0
[2023-05-24 17:05:50] [DEBUG] Horse:34 - : Создание Horse, имя Horse44, скорость 1.652620965558469, дистанция 0.0
[2023-05-24 17:05:50] [DEBUG] Horse:34 - : Создание Horse, имя Horse45, скорость 1.652620965558469, дистанция 0.0
[2023-05-24 17:05:50] [DEBUG] Horse:34 - : Создание Horse, имя Horse46, скорость 1.652620965558469, дистанция 0.0
[2023-05-24 17:05:50] [DEBUG] Horse:34 - : Создание Horse, имя Horse47, скорость 1.652620965558469, дистанция 0.0
[2023-05-24 17:05:50] [DEBUG] Horse:34 - : Создание Horse, имя Horse48, скорость 1.652620965558469, дистанция 0.0
[2023-05-24 17:05:50] [DEBUG] Horse:34 - : Создание Horse, имя Horse49, скорость 1.652620965558469, дистанция 0.0
[2023-05-24 17:05:50] [DEBUG] Hippodrome:26 - : Создание Hippodrome, лошадей 50
[2023-05-24 17:06:43] [DEBUG] Horse:34 - : Создание Horse, имя Horse0, скорость 1.4294240092564405, дистанция 0.0
[2023-05-24 17:06:43] [DEBUG] Horse:34 - : Создание Horse, имя Horse1, скорость 1.4294240092564405, дистанция 0.0
[2023-05-24 17:06:43] [DEBUG] Horse:34 - : Создание Horse, имя Horse2, скорость 1.4294240092564405, дистанция 0.0
[2023-05-24 17:06:43] [DEBUG] Horse:34 - : Создание Horse, имя Horse3, скорость 1.4294240092564405, дистанция 0.0
[2023-05-24 17:06:43] [DEBUG] Horse:34 - : Создание Horse, имя Horse4, скорость 1.4294240092564405, дистанция 0.0
[2023-05-24 17:06:43] [DEBUG] Horse:34 - : Создание Horse, имя Horse5, скорость 1.4294240092564405, дистанция 0.0
[2023-05-24 17:06:43] [DEBUG] Horse:34 - : Создание Horse, имя Horse6, скорость 1.4294240092564405, дистанция 0.0
[2023-05-24 17:06:43] [DEBUG] Horse:34 - : Создание Horse, имя Horse7, скорость 1.4294240092564405, дистанция 0.0
[2023-05-24 17:06:43] [DEBUG] Horse:34 - : Создание Horse, имя Horse8, скорость 1.4294240092564405, дистанция 0.0
[2023-05-24 17:06:43] [DEBUG] Horse:34 - : Создание Horse, имя Horse9, скорость 1.4294240092564405, дистанция 0.0
[2023-05-24 17:06:43] [DEBUG] Horse:34 - : Создание Horse, имя Horse10, скорость 1.4294240092564405, дистанция 0.0
[2023-05-24 17:06:43] [DEBUG] Horse:34 - : Создание Horse, имя Horse11, скорость 1.4294240092564405, дистанция 0.0
[2023-05-24 17:06:43] [DEBUG] Horse:34 - : Создание Horse, имя Horse12, скорость 1.4294240092564405, дистанция 0.0
[2023-05-24 17:06:43] [DEBUG] Horse:34 - : Создание Horse, имя Horse13, скорость 1.4294240092564405, дистанция 0.0
[2023-05-24 17:06:43] [DEBUG] Horse:34 - : Создание Horse, имя Horse14, скорость 1.4294240092564405, дистанция 0.0
[2023-05-24 17:06:43] [DEBUG] Horse:34 - : Создание Horse, имя Horse15, скорость 1.4294240092564405, дистанция 0.0
[2023-05-24 17:06:43] [DEBUG] Horse:34 - : Создание Horse, имя Horse16, скорость 1.4294240092564405, дистанция 0.0
[2023-05-24 17:06:43] [DEBUG] Horse:34 - : Создание Horse, имя Horse17, скорость 1.4294240092564405, дистанция 0.0
[2023-05-24 17:06:43] [DEBUG] Horse:34 - : Создание Horse, имя Horse18, скорость 1.4294240092564405, дистанция 0.0
[2023-05-24 17:06:43] [DEBUG] Horse:34 - : Создание Horse, имя Horse19, скорость 1.4294240092564405, дистанция 0.0
[2023-05-24 17:06:43] [DEBUG] Horse:34 - : Создание Horse, имя Horse20, скорость 1.4294240092564405, дистанция 0.0
[2023-05-24 17:06:43] [DEBUG] Horse:34 - : Создание Horse, имя Horse21, скорость 1.4294240092564405, дистанция 0.0
[2023-05-24 17:06:43] [DEBUG] Horse:34 - : Создание Horse, имя Horse22, скорость 1.4294240092564405, дистанция 0.0
[2023-05-24 17:06:43] [DEBUG] Horse:34 - : Создание Horse, имя Horse23, скорость 1.4294240092564405, дистанция 0.0
[2023-05-24 17:06:43] [DEBUG] Horse:34 - : Создание Horse, имя Horse24, скорость 1.4294240092564405, дистанция 0.0
[2023-05-24 17:06:43] [DEBUG] Horse:34 - : Создание Horse, имя Horse25, скорость 1.4294240092564405, дистанция 0.0
[2023-05-24 17:06:43] [DEBUG] Horse:34 - : Создание Horse, имя Horse26, скорость 1.4294240092564405, дистанция 0.0
[2023-05-24 17:06:43] [DEBUG] Horse:34 - : Создание Horse, имя Horse27, скорость 1.4294240092564405, дистанция 0.0
[2023-05-24 17:06:43] [DEBUG] Horse:34 - : Создание Horse, имя Horse28, скорость 1.4294240092564405, дистанция 0.0
[2023-05-24 17:06:43] [DEBUG] Horse:34 - : Создание Horse, имя Horse29, скорость 1.4294240092564405, дистанция 0.0
[2023-05-24 17:06:43] [DEBUG] Horse:34 - : Создание Horse, имя Horse30, скорость 1.4294240092564405, дистанция 0.0
[2023-05-24 17:06:43] [DEBUG] Horse:34 - : Создание Horse, имя Horse31, скорость 1.4294240092564405, дистанция 0.0
[2023-05-24 17:06:43] [DEBUG] Horse:34 - : Создание Horse, имя Horse32, скорость 1.4294240092564405, дистанция 0.0
[2023-05-24 17:06:43] [DEBUG] Horse:34 - : Создание Horse, имя Horse33, скорость 1.4294240092564405, дистанция 0.0
[2023-05-24 17:06:43] [DEBUG] Horse:34 - : Создание Horse, имя Horse34, скорость 1.4294240092564405, дистанция 0.0
[2023-05-24 17:06:43] [DEBUG] Horse:34 - : Создание Horse, имя Horse35, скорость 1.4294240092564405, дистанция 0.0
[2023-05-24 17:06:43] [DEBUG] Horse:34 - : Создание Horse, имя Horse36, скорость 1.4294240092564405, дистанция 0.0
[2023-05-24 17:06:43] [DEBUG] Horse:34 - : Создание Horse, имя Horse37, скорость 1.4294240092564405, дистанция 0.0
[2023-05-24 17:06:43] [DEBUG] Horse:34 - : Создание Horse, имя Horse38, скорость 1.4294240092564405, дистанция 0.0
[2023-05-24 17:06:43] [DEBUG] Horse:34 - : Создание Horse, имя Horse39, скорость 1.4294240092564405, дистанция 0.0
[2023-05-24 17:06:43] [DEBUG] Horse:34 - : Создание Horse, имя Horse40, скорость 1.4294240092564405, дистанция 0.0
[2023-05-24 17:06:43] [DEBUG] Horse:34 - : Создание Horse, имя Horse41, скорость 1.4294240092564405, дистанция 0.0
[2023-05-24 17:06:43] [DEBUG] Horse:34 - : Создание Horse, имя Horse42, скорость 1.4294240092564405, дистанция 0.0
[2023-05-24 17:06:43] [DEBUG] Horse:34 - : Создание Horse, имя Horse43, скорость 1.4294240092564405, дистанция 0.0
[2023-05-24 17:06:43] [DEBUG] Horse:34 - : Создание Horse, имя Horse44, скорость 1.4294240092564405, дистанция 0.0
[2023-05-24 17:06:43] [DEBUG] Horse:34 - : Создание Horse, имя Horse45, скорость 1.4294240092564405, дистанция 0.0
[2023-05-24 17:06:43] [DEBUG] Horse:34 - : Создание Horse, имя Horse46, скорость 1.4294240092564405, дистанция 0.0
[2023-05-24 17:06:43] [DEBUG] Horse:34 - : Создание Horse, имя Horse47, скорость 1.4294240092564405, дистанция 0.0
[2023-05-24 17:06:43] [DEBUG] Horse:34 - : Создание Horse, имя Horse48, скорость 1.4294240092564405, дистанция 0.0
[2023-05-24 17:06:43] [DEBUG] Horse:34 - : Создание Horse, имя Horse49, скорость 1.4294240092564405, дистанция 0.0
[2023-05-24 17:06:43] [DEBUG] Hippodrome:26 - : Создание Hippodrome, лошадей 50
[2023-05-24 17:08:04] [DEBUG] Hippodrome:26 - : Создание Hippodrome, лошадей 50
[2023-05-24 17:08:28] [DEBUG] Hippodrome:26 - : Создание Hippodrome, лошадей 50
[2023-05-24 17:09:06] [DEBUG] Hippodrome:26 - : Создание Hippodrome, лошадей 50
[2023-05-24 17:11:50] [ERROR] Horse:15 - : Name is null
[2023-05-24 17:11:50] [DEBUG] Horse:34 - : Создание Horse, имя Horse, скорость 2.4, дистанция 0.0
[2023-05-24 17:11:50] [DEBUG] Horse:34 - : Создание Horse, имя Horse, скорость 2.4, дистанция 0.0
[2023-05-24 17:11:50] [DEBUG] Horse:34 - : Создание Horse, имя Horse, скорость 2.4, дистанция 0.0
[2023-05-24 17:11:50] [DEBUG] Horse:34 - : Создание Horse, имя Horse, скорость 2.4, дистанция 1.5
[2023-05-24 17:11:50] [DEBUG] Horse:34 - : Создание Horse, имя Horse, скорость 2.4, дистанция 0.0
[2023-05-24 17:11:50] [DEBUG] Horse:34 - : Создание Horse, имя Horse, скорость 2.4, дистанция 0.0
[2023-05-24 17:11:56] [DEBUG] Hippodrome:26 - : Создание Hippodrome, лошадей 50
[2023-05-24 17:11:56] [ERROR] Hippodrome:20 - : Horses list is empty
[2023-05-24 17:11:56] [ERROR] Hippodrome:17 - : Horses list is null
[2023-05-24 17:11:56] [DEBUG] Horse:34 - : Создание Horse, имя Horse0, скорость 2.4347181212681606, дистанция 0.0
[2023-05-24 17:11:56] [DEBUG] Horse:34 - : Создание Horse, имя Horse1, скорость 2.4347181212681606, дистанция 0.0
[2023-05-24 17:11:56] [DEBUG] Horse:34 - : Создание Horse, имя Horse2, скорость 2.4347181212681606, дистанция 0.0
[2023-05-24 17:11:56] [DEBUG] Horse:34 - : Создание Horse, имя Horse3, скорость 2.4347181212681606, дистанция 0.0
[2023-05-24 17:11:56] [DEBUG] Horse:34 - : Создание Horse, имя Horse4, скорость 2.4347181212681606, дистанция 0.0
[2023-05-24 17:11:56] [DEBUG] Horse:34 - : Создание Horse, имя Horse5, скорость 2.4347181212681606, дистанция 0.0
[2023-05-24 17:11:56] [DEBUG] Horse:34 - : Создание Horse, имя Horse6, скорость 2.4347181212681606, дистанция 0.0
[2023-05-24 17:11:56] [DEBUG] Horse:34 - : Создание Horse, имя Horse7, скорость 2.4347181212681606, дистанция 0.0
[2023-05-24 17:11:56] [DEBUG] Horse:34 - : Создание Horse, имя Horse8, скорость 2.4347181212681606, дистанция 0.0
[2023-05-24 17:11:56] [DEBUG] Horse:34 - : Создание Horse, имя Horse9, скорость 2.4347181212681606, дистанция 0.0
[2023-05-24 17:11:56] [DEBUG] Horse:34 - : Создание Horse, имя Horse10, скорость 2.4347181212681606, дистанция 0.0
[2023-05-24 17:11:56] [DEBUG] Horse:34 - : Создание Horse, имя Horse11, скорость 2.4347181212681606, дистанция 0.0
[2023-05-24 17:11:56] [DEBUG] Horse:34 - : Создание Horse, имя Horse12, скорость 2.4347181212681606, дистанция 0.0
[2023-05-24 17:11:56] [DEBUG] Horse:34 - : Создание Horse, имя Horse13, скорость 2.4347181212681606, дистанция 0.0
[2023-05-24 17:11:56] [DEBUG] Horse:34 - : Создание Horse, имя Horse14, скорость 2.4347181212681606, дистанция 0.0
[2023-05-24 17:11:56] [DEBUG] Horse:34 - : Создание Horse, имя Horse15, скорость 2.4347181212681606, дистанция 0.0
[2023-05-24 17:11:56] [DEBUG] Horse:34 - : Создание Horse, имя Horse16, скорость 2.4347181212681606, дистанция 0.0
[2023-05-24 17:11:56] [DEBUG] Horse:34 - : Создание Horse, имя Horse17, скорость 2.4347181212681606, дистанция 0.0
[2023-05-24 17:11:56] [DEBUG] Horse:34 - : Создание Horse, имя Horse18, скорость 2.4347181212681606, дистанция 0.0
[2023-05-24 17:11:56] [DEBUG] Horse:34 - : Создание Horse, имя Horse19, скорость 2.4347181212681606, дистанция 0.0
[2023-05-24 17:11:56] [DEBUG] Horse:34 - : Создание Horse, имя Horse20, скорость 2.4347181212681606, дистанция 0.0
[2023-05-24 17:11:56] [DEBUG] Horse:34 - : Создание Horse, имя Horse21, скорость 2.4347181212681606, дистанция 0.0
[2023-05-24 17:11:56] [DEBUG] Horse:34 - : Создание Horse, имя Horse22, скорость 2.4347181212681606, дистанция 0.0
[2023-05-24 17:11:56] [DEBUG] Horse:34 - : Создание Horse, имя Horse23, скорость 2.4347181212681606, дистанция 0.0
[2023-05-24 17:11:56] [DEBUG] Horse:34 - : Создание Horse, имя Horse24, скорость 2.4347181212681606, дистанция 0.0
[2023-05-24 17:11:56] [DEBUG] Horse:34 - : Создание Horse, имя Horse25, скорость 2.4347181212681606, дистанция 0.0
[2023-05-24 17:11:56] [DEBUG] Horse:34 - : Создание Horse, имя Horse26, скорость 2.4347181212681606, дистанция 0.0
[2023-05-24 17:11:56] [DEBUG] Horse:34 - : Создание Horse, имя Horse27, скорость 2.4347181212681606, дистанция 0.0
[2023-05-24 17:11:56] [DEBUG] Horse:34 - : Создание Horse, имя Horse28, скорость 2.4347181212681606, дистанция 0.0
[2023-05-24 17:11:56] [DEBUG] Horse:34 - : Создание Horse, имя Horse29, скорость 2.4347181212681606, дистанция 0.0
[2023-05-24 17:11:56] [DEBUG] Hippodrome:26 - : Создание Hippodrome, лошадей 30
[2023-05-24 17:11:56] [DEBUG] Horse:34 - : Создание Horse, имя Horse0, скорость 1.2988205076687063, дистанция 0.0
[2023-05-24 17:11:56] [DEBUG] Horse:34 - : Создание Horse, имя Horse1, скорость 1.2988205076687063, дистанция 0.0
[2023-05-24 17:11:56] [DEBUG] Horse:34 - : Создание Horse, имя Horse2, скорость 1.2988205076687063, дистанция 0.0
[2023-05-24 17:11:56] [DEBUG] Horse:34 - : Создание Horse, имя Horse3, скорость 1.2988205076687063, дистанция 0.0
[2023-05-24 17:11:56] [DEBUG] Horse:34 - : Создание Horse, имя Horse4, скорость 1.2988205076687063, дистанция 0.0
[2023-05-24 17:11:56] [DEBUG] Horse:34 - : Создание Horse, имя Horse5, скорость 1.2988205076687063, дистанция 0.0
[2023-05-24 17:11:56] [DEBUG] Horse:34 - : Создание Horse, имя Horse6, скорость 1.2988205076687063, дистанция 0.0
[2023-05-24 17:11:56] [DEBUG] Horse:34 - : Создание Horse, имя Horse7, скорость 1.2988205076687063, дистанция 0.0
[2023-05-24 17:11:56] [DEBUG] Horse:34 - : Создание Horse, имя Horse8, скорость 1.2988205076687063, дистанция 0.0
[2023-05-24 17:11:56] [DEBUG] Horse:34 - : Создание Horse, имя Horse9, скорость 1.2988205076687063, дистанция 0.0
[2023-05-24 17:11:56] [DEBUG] Horse:34 - : Создание Horse, имя Horse10, скорость 1.2988205076687063, дистанция 0.0
[2023-05-24 17:11:56] [DEBUG] Horse:34 - : Создание Horse, имя Horse11, скорость 1.2988205076687063, дистанция 0.0
[2023-05-24 17:11:57] [DEBUG] Horse:34 - : Создание Horse, имя Horse12, скорость 1.2988205076687063, дистанция 0.0
[2023-05-24 17:11:57] [DEBUG] Horse:34 - : Создание Horse, имя Horse13, скорость 1.2988205076687063, дистанция 0.0
[2023-05-24 17:11:57] [DEBUG] Horse:34 - : Создание Horse, имя Horse14, скорость 1.2988205076687063, дистанция 0.0
[2023-05-24 17:11:57] [DEBUG] Horse:34 - : Создание Horse, имя Horse15, скорость 1.2988205076687063, дистанция 0.0
[2023-05-24 17:11:57] [DEBUG] Horse:34 - : Создание Horse, имя Horse16, скорость 1.2988205076687063, дистанция 0.0
[2023-05-24 17:11:57] [DEBUG] Horse:34 - : Создание Horse, имя Horse17, скорость 1.2988205076687063, дистанция 0.0
[2023-05-24 17:11:57] [DEBUG] Horse:34 - : Создание Horse, имя Horse18, скорость 1.2988205076687063, дистанция 0.0
[2023-05-24 17:11:57] [DEBUG] Horse:34 - : Создание Horse, имя Horse19, скорость 1.2988205076687063, дистанция 0.0
[2023-05-24 17:11:57] [DEBUG] Horse:34 - : Создание Horse, имя Horse20, скорость 1.2988205076687063, дистанция 0.0
[2023-05-24 17:11:57] [DEBUG] Horse:34 - : Создание Horse, имя Horse21, скорость 1.2988205076687063, дистанция 0.0
[2023-05-24 17:11:57] [DEBUG] Horse:34 - : Создание Horse, имя Horse22, скорость 1.2988205076687063, дистанция 0.0
[2023-05-24 17:11:57] [DEBUG] Horse:34 - : Создание Horse, имя Horse23, скорость 1.2988205076687063, дистанция 0.0
[2023-05-24 17:11:57] [DEBUG] Horse:34 - : Создание Horse, имя Horse24, скорость 1.2988205076687063, дистанция 0.0
[2023-05-24 17:11:57] [DEBUG] Horse:34 - : Создание Horse, имя Horse25, скорость 1.2988205076687063, дистанция 0.0
[2023-05-24 17:11:57] [DEBUG] Horse:34 - : Создание Horse, имя Horse26, скорость 1.2988205076687063, дистанция 0.0
[2023-05-24 17:11:57] [DEBUG] Horse:34 - : Создание Horse, имя Horse27, скорость 1.2988205076687063, дистанция 0.0
[2023-05-24 17:11:57] [DEBUG] Horse:34 - : Создание Horse, имя Horse28, скорость 1.2988205076687063, дистанция 0.0
[2023-05-24 17:11:57] [DEBUG] Horse:34 - : Создание Horse, имя Horse29, скорость 1.2988205076687063, дистанция 0.0
[2023-05-24 17:11:57] [DEBUG] Horse:34 - : Создание Horse, имя Horse30, скорость 1.2988205076687063, дистанция 0.0
[2023-05-24 17:11:57] [DEBUG] Horse:34 - : Создание Horse, имя Horse31, скорость 1.2988205076687063, дистанция 0.0
[2023-05-24 17:11:57] [DEBUG] Horse:34 - : Создание Horse, имя Horse32, скорость 1.2988205076687063, дистанция 0.0
[2023-05-24 17:11:57] [DEBUG] Horse:34 - : Создание Horse, имя Horse33, скорость 1.2988205076687063, дистанция 0.0
[2023-05-24 17:11:57] [DEBUG] Horse:34 - : Создание Horse, имя Horse34, скорость 1.2988205076687063, дистанция 0.0
[2023-05-24 17:11:57] [DEBUG] Horse:34 - : Создание Horse, имя Horse35, скорость 1.2988205076687063, дистанция 0.0
[2023-05-24 17:11:57] [DEBUG] Horse:34 - : Создание Horse, имя Horse36, скорость 1.2988205076687063, дистанция 0.0
[2023-05-24 17:11:57] [DEBUG] Horse:34 - : Создание Horse, имя Horse37, скорость 1.2988205076687063, дистанция 0.0
[2023-05-24 17:11:57] [DEBUG] Horse:34 - : Создание Horse, имя Horse38, скорость 1.2988205076687063, дистанция 0.0
[2023-05-24 17:11:57] [DEBUG] Horse:34 - : Создание Horse, имя Horse39, скорость 1.2988205076687063, дистанция 0.0
[2023-05-24 17:11:57] [DEBUG] Horse:34 - : Создание Horse, имя Horse40, скорость 1.2988205076687063, дистанция 0.0
[2023-05-24 17:11:57] [DEBUG] Horse:34 - : Создание Horse, имя Horse41, скорость 1.2988205076687063, дистанция 0.0
[2023-05-24 17:11:57] [DEBUG] Horse:34 - : Создание Horse, имя Horse42, скорость 1.2988205076687063, дистанция 0.0
[2023-05-24 17:11:57] [DEBUG] Horse:34 - : Создание Horse, имя Horse43, скорость 1.2988205076687063, дистанция 0.0
[2023-05-24 17:11:57] [DEBUG] Horse:34 - : Создание Horse, имя Horse44, скорость 1.2988205076687063, дистанция 0.0
[2023-05-24 17:11:57] [DEBUG] Horse:34 - : Создание Horse, имя Horse45, скорость 1.2988205076687063, дистанция 0.0
[2023-05-24 17:11:57] [DEBUG] Horse:34 - : Создание Horse, имя Horse46, скорость 1.2988205076687063, дистанция 0.0
[2023-05-24 17:11:57] [DEBUG] Horse:34 - : Создание Horse, имя Horse47, скорость 1.2988205076687063, дистанция 0.0
[2023-05-24 17:11:57] [DEBUG] Horse:34 - : Создание Horse, имя Horse48, скорость 1.2988205076687063, дистанция 0.0
[2023-05-24 17:11:57] [DEBUG] Horse:34 - : Создание Horse, имя Horse49, скорость 1.2988205076687063, дистанция 0.0
[2023-05-24 17:11:57] [DEBUG] Hippodrome:26 - : Создание Hippodrome, лошадей 50
